<?xml version="1.0" encoding="UTF-8"?>
<testsuite xmlns:xsi="http://www.w3.org/2001/XMLSchema-instance" xsi:noNamespaceSchemaLocation="https://maven.apache.org/surefire/maven-surefire-plugin/xsd/surefire-test-report.xsd" name="com.wang.AppTest" time="0.024" tests="1" errors="0" skipped="0" failures="0">
  <properties>
    <property name="gopherProxySet" value="false"/>
    <property name="awt.toolkit" value="sun.lwawt.macosx.LWCToolkit"/>
    <property name="file.encoding.pkg" value="sun.io"/>
    <property name="java.specification.version" value="1.8"/>
    <property name="sun.cpu.isalist" value=""/>
    <property name="sun.jnu.encoding" value="UTF-8"/>
    <property name="java.class.path" value="/Users/wanglimin/Documents/IdeaProjects/hibernate/hibernate_day04/target/test-classes:/Users/wanglimin/Documents/IdeaProjects/hibernate/hibernate_day04/target/classes:/Users/wanglimin/Documents/MyApplication/maven/repository/junit/junit/4.11/junit-4.11.jar:/Users/wanglimin/Documents/MyApplication/maven/repository/org/hamcrest/hamcrest-core/1.3/hamcrest-core-1.3.jar:/Users/wanglimin/Documents/MyApplication/maven/repository/mysql/mysql-connector-java/8.0.15/mysql-connector-java-8.0.15.jar:/Users/wanglimin/Documents/MyApplication/maven/repository/com/google/protobuf/protobuf-java/3.6.1/protobuf-java-3.6.1.jar:/Users/wanglimin/Documents/MyApplication/maven/repository/io/agroal/agroal-pool/0.4/agroal-pool-0.4.jar:/Users/wanglimin/Documents/MyApplication/maven/repository/org/jboss/logging/jboss-logging/3.3.2.Final/jboss-logging-3.3.2.Final.jar:/Users/wanglimin/Documents/MyApplication/maven/repository/org/hibernate/hibernate-core/5.3.16.Final/hibernate-core-5.3.16.Final.jar:/Users/wanglimin/Documents/MyApplication/maven/repository/javax/persistence/javax.persistence-api/2.2/javax.persistence-api-2.2.jar:/Users/wanglimin/Documents/MyApplication/maven/repository/org/javassist/javassist/3.23.2-GA/javassist-3.23.2-GA.jar:/Users/wanglimin/Documents/MyApplication/maven/repository/net/bytebuddy/byte-buddy/1.9.11/byte-buddy-1.9.11.jar:/Users/wanglimin/Documents/MyApplication/maven/repository/antlr/antlr/2.7.7/antlr-2.7.7.jar:/Users/wanglimin/Documents/MyApplication/maven/repository/org/jboss/spec/javax/transaction/jboss-transaction-api_1.2_spec/1.1.1.Final/jboss-transaction-api_1.2_spec-1.1.1.Final.jar:/Users/wanglimin/Documents/MyApplication/maven/repository/org/jboss/jandex/2.0.5.Final/jandex-2.0.5.Final.jar:/Users/wanglimin/Documents/MyApplication/maven/repository/com/fasterxml/classmate/1.3.4/classmate-1.3.4.jar:/Users/wanglimin/Documents/MyApplication/maven/repository/javax/activation/javax.activation-api/1.2.0/javax.activation-api-1.2.0.jar:/Users/wanglimin/Documents/MyApplication/maven/repository/org/dom4j/dom4j/2.1.1/dom4j-2.1.1.jar:/Users/wanglimin/Documents/MyApplication/maven/repository/org/hibernate/common/hibernate-commons-annotations/5.0.4.Final/hibernate-commons-annotations-5.0.4.Final.jar:/Users/wanglimin/Documents/MyApplication/maven/repository/javax/xml/bind/jaxb-api/2.3.1/jaxb-api-2.3.1.jar:/Users/wanglimin/Documents/MyApplication/maven/repository/org/glassfish/jaxb/jaxb-runtime/2.3.1/jaxb-runtime-2.3.1.jar:/Users/wanglimin/Documents/MyApplication/maven/repository/org/glassfish/jaxb/txw2/2.3.1/txw2-2.3.1.jar:/Users/wanglimin/Documents/MyApplication/maven/repository/com/sun/istack/istack-commons-runtime/3.0.7/istack-commons-runtime-3.0.7.jar:/Users/wanglimin/Documents/MyApplication/maven/repository/org/jvnet/staxex/stax-ex/1.8/stax-ex-1.8.jar:/Users/wanglimin/Documents/MyApplication/maven/repository/com/sun/xml/fastinfoset/FastInfoset/1.2.15/FastInfoset-1.2.15.jar:/Users/wanglimin/Documents/MyApplication/maven/repository/io/agroal/agroal-api/0.4/agroal-api-0.4.jar:/Users/wanglimin/Documents/MyApplication/maven/repository/log4j/log4j/1.2.17/log4j-1.2.17.jar:/Users/wanglimin/Documents/MyApplication/maven/repository/org/slf4j/slf4j-api/1.7.25/slf4j-api-1.7.25.jar:/Users/wanglimin/Documents/MyApplication/maven/repository/org/slf4j/slf4j-log4j12/1.7.25/slf4j-log4j12-1.7.25.jar:"/>
    <property name="java.vm.vendor" value="Oracle Corporation"/>
    <property name="sun.arch.data.model" value="64"/>
    <property name="java.vendor.url" value="http://java.oracle.com/"/>
    <property name="user.timezone" value=""/>
    <property name="java.vm.specification.version" value="1.8"/>
    <property name="os.name" value="Mac OS X"/>
    <property name="user.country" value="CN"/>
    <property name="sun.java.launcher" value="SUN_STANDARD"/>
    <property name="sun.boot.library.path" value="/Library/Java/JavaVirtualMachines/jdk1.8.0_121.jdk/Contents/Home/jre/lib"/>
    <property name="sun.java.command" value="/Users/wanglimin/Documents/IdeaProjects/hibernate/hibernate_day04/target/surefire/surefirebooter348975605368758649.jar /Users/wanglimin/Documents/IdeaProjects/hibernate/hibernate_day04/target/surefire 2020-05-29T07-50-17_722-jvmRun1 surefire3262798617710332919tmp surefire_0442793073201600618tmp"/>
    <property name="http.nonProxyHosts" value="local|*.local|169.254/16|*.169.254/16"/>
    <property name="surefire.test.class.path" value="/Users/wanglimin/Documents/IdeaProjects/hibernate/hibernate_day04/target/test-classes:/Users/wanglimin/Documents/IdeaProjects/hibernate/hibernate_day04/target/classes:/Users/wanglimin/Documents/MyApplication/maven/repository/junit/junit/4.11/junit-4.11.jar:/Users/wanglimin/Documents/MyApplication/maven/repository/org/hamcrest/hamcrest-core/1.3/hamcrest-core-1.3.jar:/Users/wanglimin/Documents/MyApplication/maven/repository/mysql/mysql-connector-java/8.0.15/mysql-connector-java-8.0.15.jar:/Users/wanglimin/Documents/MyApplication/maven/repository/com/google/protobuf/protobuf-java/3.6.1/protobuf-java-3.6.1.jar:/Users/wanglimin/Documents/MyApplication/maven/repository/io/agroal/agroal-pool/0.4/agroal-pool-0.4.jar:/Users/wanglimin/Documents/MyApplication/maven/repository/org/jboss/logging/jboss-logging/3.3.2.Final/jboss-logging-3.3.2.Final.jar:/Users/wanglimin/Documents/MyApplication/maven/repository/org/hibernate/hibernate-core/5.3.16.Final/hibernate-core-5.3.16.Final.jar:/Users/wanglimin/Documents/MyApplication/maven/repository/javax/persistence/javax.persistence-api/2.2/javax.persistence-api-2.2.jar:/Users/wanglimin/Documents/MyApplication/maven/repository/org/javassist/javassist/3.23.2-GA/javassist-3.23.2-GA.jar:/Users/wanglimin/Documents/MyApplication/maven/repository/net/bytebuddy/byte-buddy/1.9.11/byte-buddy-1.9.11.jar:/Users/wanglimin/Documents/MyApplication/maven/repository/antlr/antlr/2.7.7/antlr-2.7.7.jar:/Users/wanglimin/Documents/MyApplication/maven/repository/org/jboss/spec/javax/transaction/jboss-transaction-api_1.2_spec/1.1.1.Final/jboss-transaction-api_1.2_spec-1.1.1.Final.jar:/Users/wanglimin/Documents/MyApplication/maven/repository/org/jboss/jandex/2.0.5.Final/jandex-2.0.5.Final.jar:/Users/wanglimin/Documents/MyApplication/maven/repository/com/fasterxml/classmate/1.3.4/classmate-1.3.4.jar:/Users/wanglimin/Documents/MyApplication/maven/repository/javax/activation/javax.activation-api/1.2.0/javax.activation-api-1.2.0.jar:/Users/wanglimin/Documents/MyApplication/maven/repository/org/dom4j/dom4j/2.1.1/dom4j-2.1.1.jar:/Users/wanglimin/Documents/MyApplication/maven/repository/org/hibernate/common/hibernate-commons-annotations/5.0.4.Final/hibernate-commons-annotations-5.0.4.Final.jar:/Users/wanglimin/Documents/MyApplication/maven/repository/javax/xml/bind/jaxb-api/2.3.1/jaxb-api-2.3.1.jar:/Users/wanglimin/Documents/MyApplication/maven/repository/org/glassfish/jaxb/jaxb-runtime/2.3.1/jaxb-runtime-2.3.1.jar:/Users/wanglimin/Documents/MyApplication/maven/repository/org/glassfish/jaxb/txw2/2.3.1/txw2-2.3.1.jar:/Users/wanglimin/Documents/MyApplication/maven/repository/com/sun/istack/istack-commons-runtime/3.0.7/istack-commons-runtime-3.0.7.jar:/Users/wanglimin/Documents/MyApplication/maven/repository/org/jvnet/staxex/stax-ex/1.8/stax-ex-1.8.jar:/Users/wanglimin/Documents/MyApplication/maven/repository/com/sun/xml/fastinfoset/FastInfoset/1.2.15/FastInfoset-1.2.15.jar:/Users/wanglimin/Documents/MyApplication/maven/repository/io/agroal/agroal-api/0.4/agroal-api-0.4.jar:/Users/wanglimin/Documents/MyApplication/maven/repository/log4j/log4j/1.2.17/log4j-1.2.17.jar:/Users/wanglimin/Documents/MyApplication/maven/repository/org/slf4j/slf4j-api/1.7.25/slf4j-api-1.7.25.jar:/Users/wanglimin/Documents/MyApplication/maven/repository/org/slf4j/slf4j-log4j12/1.7.25/slf4j-log4j12-1.7.25.jar:"/>
    <property name="sun.cpu.endian" value="little"/>
    <property name="user.home" value="/Users/wanglimin"/>
    <property name="user.language" value="zh"/>
    <property name="java.specification.vendor" value="Oracle Corporation"/>
    <property name="java.home" value="/Library/Java/JavaVirtualMachines/jdk1.8.0_121.jdk/Contents/Home/jre"/>
    <property name="basedir" value="/Users/wanglimin/Documents/IdeaProjects/hibernate/hibernate_day04"/>
    <property name="file.separator" value="/"/>
    <property name="line.separator" value="&#10;"/>
    <property name="java.vm.specification.vendor" value="Oracle Corporation"/>
    <property name="java.specification.name" value="Java Platform API Specification"/>
    <property name="java.awt.graphicsenv" value="sun.awt.CGraphicsEnvironment"/>
    <property name="surefire.real.class.path" value="/Users/wanglimin/Documents/IdeaProjects/hibernate/hibernate_day04/target/surefire/surefirebooter348975605368758649.jar"/>
    <property name="sun.boot.class.path" value="/Library/Java/JavaVirtualMachines/jdk1.8.0_121.jdk/Contents/Home/jre/lib/resources.jar:/Library/Java/JavaVirtualMachines/jdk1.8.0_121.jdk/Contents/Home/jre/lib/rt.jar:/Library/Java/JavaVirtualMachines/jdk1.8.0_121.jdk/Contents/Home/jre/lib/sunrsasign.jar:/Library/Java/JavaVirtualMachines/jdk1.8.0_121.jdk/Contents/Home/jre/lib/jsse.jar:/Library/Java/JavaVirtualMachines/jdk1.8.0_121.jdk/Contents/Home/jre/lib/jce.jar:/Library/Java/JavaVirtualMachines/jdk1.8.0_121.jdk/Contents/Home/jre/lib/charsets.jar:/Library/Java/JavaVirtualMachines/jdk1.8.0_121.jdk/Contents/Home/jre/lib/jfr.jar:/Library/Java/JavaVirtualMachines/jdk1.8.0_121.jdk/Contents/Home/jre/classes"/>
    <property name="sun.management.compiler" value="HotSpot 64-Bit Tiered Compilers"/>
    <property name="ftp.nonProxyHosts" value="local|*.local|169.254/16|*.169.254/16"/>
    <property name="java.runtime.version" value="1.8.0_121-b13"/>
    <property name="user.name" value="wanglimin"/>
    <property name="path.separator" value=":"/>
    <property name="os.version" value="10.15.4"/>
    <property name="java.endorsed.dirs" value="/Library/Java/JavaVirtualMachines/jdk1.8.0_121.jdk/Contents/Home/jre/lib/endorsed"/>
    <property name="java.runtime.name" value="Java(TM) SE Runtime Environment"/>
    <property name="file.encoding" value="UTF-8"/>
    <property name="java.vm.name" value="Java HotSpot(TM) 64-Bit Server VM"/>
    <property name="localRepository" value="/Users/wanglimin/Documents/MyApplication/maven/repository"/>
    <property name="java.vendor.url.bug" value="http://bugreport.sun.com/bugreport/"/>
    <property name="java.io.tmpdir" value="/var/folders/8j/zx38v_nd71d6g29qtmnf3vb40000gn/T/"/>
    <property name="java.version" value="1.8.0_121"/>
    <property name="user.dir" value="/Users/wanglimin/Documents/IdeaProjects/hibernate/hibernate_day04"/>
    <property name="os.arch" value="x86_64"/>
    <property name="java.vm.specification.name" value="Java Virtual Machine Specification"/>
    <property name="java.awt.printerjob" value="sun.lwawt.macosx.CPrinterJob"/>
    <property name="sun.os.patch.level" value="unknown"/>
    <property name="idea.version2019.1" value="true"/>
    <property name="java.library.path" value="/Users/wanglimin/Library/Java/Extensions:/Library/Java/Extensions:/Network/Library/Java/Extensions:/System/Library/Java/Extensions:/usr/lib/java:."/>
    <property name="java.vm.info" value="mixed mode"/>
    <property name="java.vendor" value="Oracle Corporation"/>
    <property name="java.vm.version" value="25.121-b13"/>
    <property name="java.ext.dirs" value="/Users/wanglimin/Library/Java/Extensions:/Library/Java/JavaVirtualMachines/jdk1.8.0_121.jdk/Contents/Home/jre/lib/ext:/Library/Java/Extensions:/Network/Library/Java/Extensions:/System/Library/Java/Extensions:/usr/lib/java"/>
    <property name="sun.io.unicode.encoding" value="UnicodeBig"/>
    <property name="maven.repo.local" value="/Users/wanglimin/Documents/MyApplication/maven/repository"/>
    <property name="java.class.version" value="52.0"/>
    <property name="socksNonProxyHosts" value="local|*.local|169.254/16|*.169.254/16"/>
  </properties>
  <testcase name="shouldAnswerWithTrue" classname="com.wang.AppTest" time="0.002"/>
</testsuite>